<?xml version="1.0" encoding="UTF-8"?>
<testng-results ignored="0" total="1" passed="1" failed="0" skipped="0">
  <reporter-output>
  </reporter-output>
  <suite started-at="2021-04-26T04:09:55Z" name="qa-demo_suite" finished-at="2021-04-26T04:10:16Z" duration-ms="21734">
    <groups>
    </groups>
    <test started-at="2021-04-26T04:09:55Z" name="qa-demo_test" finished-at="2021-04-26T04:10:16Z" duration-ms="21734">
      <class name="test.google.search.SearchHomeTest">
        <test-method is-config="true" signature="beforeTest()[pri:0, instance:test.google.search.SearchHomeTest@77c2494c]" started-at="2021-04-26T04:09:55Z" name="beforeTest" finished-at="2021-04-26T04:09:57Z" duration-ms="1923" status="PASS">
          <reporter-output>
          </reporter-output>
        </test-method> <!-- beforeTest -->
        <test-method signature="verifyDomainOfSearchHome()[pri:0, instance:test.google.search.SearchHomeTest@77c2494c]" started-at="2021-04-26T04:09:57Z" name="verifyDomainOfSearchHome" finished-at="2021-04-26T04:10:16Z" duration-ms="19703" status="PASS">
          <reporter-output>
          </reporter-output>
        </test-method> <!-- verifyDomainOfSearchHome -->
        <test-method is-config="true" signature="afterTest()[pri:0, instance:test.google.search.SearchHomeTest@77c2494c]" started-at="2021-04-26T04:10:16Z" name="afterTest" finished-at="2021-04-26T04:10:16Z" duration-ms="90" status="PASS">
          <reporter-output>
          </reporter-output>
        </test-method> <!-- afterTest -->
      </class> <!-- test.google.search.SearchHomeTest -->
    </test> <!-- qa-demo_test -->
  </suite> <!-- qa-demo_suite -->
</testng-results>
